{
"contracts\\Raffle.sol":{"l":{"61":3,"62":3,"63":3,"64":3,"65":3,"66":3,"67":3,"68":3,"73":5,"74":1,"76":4,"77":1,"79":3,"82":3,"104":1,"105":1,"106":1,"107":1,"108":1,"109":1,"116":1,"117":1,"118":0,"127":1,"128":1,"135":1,"148":0,"149":0,"150":0,"151":0,"152":0,"153":0,"154":0,"155":0,"156":0,"158":0,"163":5,"167":1,"171":0,"175":1,"179":0,"183":0,"187":0,"191":0,"195":6},"path":"F:\\Projekte\\web3_chainlink\\hardhat-smartcontract-lottery-fcc\\contracts\\Raffle.sol","s":{"1":5,"2":4,"3":3,"4":3,"5":1,"6":1,"7":1,"8":1,"9":1,"10":1,"11":1,"12":1,"13":1,"14":0,"15":0,"16":0,"17":0,"18":0,"19":5,"20":1,"21":0,"22":1,"23":0,"24":0,"25":0,"26":0,"27":6},"b":{"1":[1,4],"2":[1,3],"3":[0,1],"4":[0,0]},"f":{"1":3,"2":5,"3":1,"4":1,"5":0,"6":5,"7":1,"8":0,"9":1,"10":0,"11":0,"12":0,"13":0,"14":6},"fnMap":{"1":{"name":"constructor","line":60,"loc":{"start":{"line":53,"column":4},"end":{"line":69,"column":4}}},"2":{"name":"enterRaffle","line":71,"loc":{"start":{"line":71,"column":4},"end":{"line":83,"column":4}}},"3":{"name":"checkUpkeep","line":93,"loc":{"start":{"line":93,"column":4},"end":{"line":111,"column":4}}},"4":{"name":"performUpkeep","line":113,"loc":{"start":{"line":113,"column":4},"end":{"line":136,"column":4}}},"5":{"name":"fulfillRandomWords","line":138,"loc":{"start":{"line":138,"column":4},"end":{"line":159,"column":4}}},"6":{"name":"getEntranceFee","line":162,"loc":{"start":{"line":162,"column":4},"end":{"line":164,"column":4}}},"7":{"name":"getPlayer","line":166,"loc":{"start":{"line":166,"column":4},"end":{"line":168,"column":4}}},"8":{"name":"getRecentWinner","line":170,"loc":{"start":{"line":170,"column":4},"end":{"line":172,"column":4}}},"9":{"name":"getRaffleState","line":174,"loc":{"start":{"line":174,"column":4},"end":{"line":176,"column":4}}},"10":{"name":"getNumWords","line":178,"loc":{"start":{"line":178,"column":4},"end":{"line":180,"column":4}}},"11":{"name":"getNumberOfPlayers","line":182,"loc":{"start":{"line":182,"column":4},"end":{"line":184,"column":4}}},"12":{"name":"getLatestTimestamp","line":186,"loc":{"start":{"line":186,"column":4},"end":{"line":188,"column":4}}},"13":{"name":"getRequestConformations","line":190,"loc":{"start":{"line":190,"column":4},"end":{"line":192,"column":4}}},"14":{"name":"getInterval","line":194,"loc":{"start":{"line":194,"column":4},"end":{"line":196,"column":4}}}},"statementMap":{"1":{"start":{"line":73,"column":8},"end":{"line":73,"column":2688}},"2":{"start":{"line":76,"column":8},"end":{"line":76,"column":2792}},"3":{"start":{"line":79,"column":8},"end":{"line":79,"column":42}},"4":{"start":{"line":82,"column":8},"end":{"line":82,"column":36}},"5":{"start":{"line":104,"column":8},"end":{"line":104,"column":57}},"6":{"start":{"line":105,"column":8},"end":{"line":105,"column":74}},"7":{"start":{"line":106,"column":8},"end":{"line":106,"column":48}},"8":{"start":{"line":107,"column":8},"end":{"line":107,"column":51}},"9":{"start":{"line":109,"column":8},"end":{"line":109,"column":36}},"10":{"start":{"line":116,"column":8},"end":{"line":116,"column":47}},"11":{"start":{"line":117,"column":8},"end":{"line":117,"column":4392}},"12":{"start":{"line":128,"column":8},"end":{"line":128,"column":4777}},"13":{"start":{"line":135,"column":8},"end":{"line":135,"column":45}},"14":{"start":{"line":148,"column":8},"end":{"line":148,"column":65}},"15":{"start":{"line":149,"column":8},"end":{"line":149,"column":63}},"16":{"start":{"line":154,"column":8},"end":{"line":154,"column":78}},"17":{"start":{"line":155,"column":8},"end":{"line":155,"column":5925}},"18":{"start":{"line":158,"column":8},"end":{"line":158,"column":39}},"19":{"start":{"line":163,"column":8},"end":{"line":163,"column":28}},"20":{"start":{"line":167,"column":8},"end":{"line":167,"column":31}},"21":{"start":{"line":171,"column":8},"end":{"line":171,"column":29}},"22":{"start":{"line":175,"column":8},"end":{"line":175,"column":28}},"23":{"start":{"line":179,"column":8},"end":{"line":179,"column":23}},"24":{"start":{"line":183,"column":8},"end":{"line":183,"column":31}},"25":{"start":{"line":187,"column":8},"end":{"line":187,"column":30}},"26":{"start":{"line":191,"column":8},"end":{"line":191,"column":36}},"27":{"start":{"line":195,"column":8},"end":{"line":195,"column":25}}},"branchMap":{"1":{"line":73,"type":"if","locations":[{"start":{"line":73,"column":8},"end":{"line":73,"column":8}},{"start":{"line":73,"column":8},"end":{"line":73,"column":8}}]},"2":{"line":76,"type":"if","locations":[{"start":{"line":76,"column":8},"end":{"line":76,"column":8}},{"start":{"line":76,"column":8},"end":{"line":76,"column":8}}]},"3":{"line":117,"type":"if","locations":[{"start":{"line":117,"column":8},"end":{"line":117,"column":8}},{"start":{"line":117,"column":8},"end":{"line":117,"column":8}}]},"4":{"line":155,"type":"if","locations":[{"start":{"line":155,"column":8},"end":{"line":155,"column":8}},{"start":{"line":155,"column":8},"end":{"line":155,"column":8}}]}}},
"contracts\\test\\VRFCoordinator.sol":{"l":{},"path":"F:\\Projekte\\web3_chainlink\\hardhat-smartcontract-lottery-fcc\\contracts\\test\\VRFCoordinator.sol","s":{},"b":{},"f":{},"fnMap":{},"statementMap":{},"branchMap":{}}}
