TN:
SF:F:\Projekte\web3_chainlink\hardhat-smartcontract-lottery-fcc\contracts\Raffle.sol
FN:60,constructor
FN:71,enterRaffle
FN:93,checkUpkeep
FN:113,performUpkeep
FN:138,fulfillRandomWords
FN:162,getEntranceFee
FN:166,getPlayer
FN:170,getRecentWinner
FN:174,getRaffleState
FN:178,getNumWords
FN:182,getNumberOfPlayers
FN:186,getLatestTimestamp
FN:190,getRequestConformations
FN:194,getInterval
FNF:14
FNH:8
FNDA:3,constructor
FNDA:5,enterRaffle
FNDA:1,checkUpkeep
FNDA:1,performUpkeep
FNDA:0,fulfillRandomWords
FNDA:5,getEntranceFee
FNDA:1,getPlayer
FNDA:0,getRecentWinner
FNDA:1,getRaffleState
FNDA:0,getNumWords
FNDA:0,getNumberOfPlayers
FNDA:0,getLatestTimestamp
FNDA:0,getRequestConformations
FNDA:6,getInterval
DA:61,3
DA:62,3
DA:63,3
DA:64,3
DA:65,3
DA:66,3
DA:67,3
DA:68,3
DA:73,5
DA:74,1
DA:76,4
DA:77,1
DA:79,3
DA:82,3
DA:104,1
DA:105,1
DA:106,1
DA:107,1
DA:108,1
DA:109,1
DA:116,1
DA:117,1
DA:118,0
DA:127,1
DA:128,1
DA:135,1
DA:148,0
DA:149,0
DA:150,0
DA:151,0
DA:152,0
DA:153,0
DA:154,0
DA:155,0
DA:156,0
DA:158,0
DA:163,5
DA:167,1
DA:171,0
DA:175,1
DA:179,0
DA:183,0
DA:187,0
DA:191,0
DA:195,6
LF:45
LH:29
BRDA:73,1,0,1
BRDA:73,1,1,4
BRDA:76,2,0,1
BRDA:76,2,1,3
BRDA:117,3,0,0
BRDA:117,3,1,1
BRDA:155,4,0,0
BRDA:155,4,1,0
BRF:8
BRH:5
end_of_record
TN:
SF:F:\Projekte\web3_chainlink\hardhat-smartcontract-lottery-fcc\contracts\test\VRFCoordinator.sol
FNF:0
FNH:0
LF:0
LH:0
BRF:0
BRH:0
end_of_record
